<?xml version="1.0" encoding="UTF-8"?>
<!-- Generated by org.testng.reporters.JUnitReportReporter -->
<testsuite hostname="madhubabus-MacBook-Air.local" failures="0" tests="3" name="TestNGSessions.IgnoreTest" time="0.014" errors="0" timestamp="2023-07-15T15:31:43 IST" skipped="0">
  <testcase classname="TestNGSessions.IgnoreTest" name="addCartTest" time="0.008"/>
  <testcase classname="TestNGSessions.IgnoreTest" name="searchTest" time="0.002"/>
  <testcase classname="TestNGSessions.IgnoreTest" name="paymentTest" time="0.004"/>
</testsuite> <!-- TestNGSessions.IgnoreTest -->
