<?xml version="1.0" encoding="UTF-8"?>
<!-- Generated by org.testng.reporters.JUnitReportReporter -->
<testsuite hostname="madhu" failures="0" tests="2" name="testCases.OpenCartTest" time="0.126" errors="0" timestamp="2023-07-19T22:38:36 IST" skipped="0">
  <testcase classname="testCases.OpenCartTest" name="searchTest" time="0.074"/>
  <testcase classname="testCases.OpenCartTest" name="pageTitleTest" time="0.052"/>
</testsuite> <!-- testCases.OpenCartTest -->
