<?xml version="1.0" encoding="UTF-8"?>
<!-- Generated by org.testng.reporters.JUnitReportReporter -->
<testsuite hostname="madhu" failures="0" tests="2" name="testCases.GoogleTest" time="0.292" errors="0" timestamp="2023-07-19T22:38:36 IST" skipped="0">
  <testcase classname="testCases.GoogleTest" name="searchTest" time="0.211"/>
  <testcase classname="testCases.GoogleTest" name="pageTitleTest" time="0.081"/>
</testsuite> <!-- testCases.GoogleTest -->
