<?xml version="1.0" encoding="UTF-8"?>
<!-- Generated by org.testng.reporters.JUnitReportReporter -->
<testsuite hostname="madhubabus-MacBook-Air.local" failures="0" tests="3" name="TestNGSessions.TestNGConcepts" time="0.017" errors="0" timestamp="2023-07-14T23:31:40 IST" skipped="0">
  <testcase classname="TestNGSessions.TestNGConcepts" name="payment_Test" time="0.006"/>
  <testcase classname="TestNGSessions.TestNGConcepts" name="searchTest" time="0.003"/>
  <testcase classname="TestNGSessions.TestNGConcepts" name="addToCartTest" time="0.008"/>
</testsuite> <!-- TestNGSessions.TestNGConcepts -->
