<?xml version="1.0" encoding="UTF-8"?>
<!-- Generated by org.testng.reporters.JUnitReportReporter -->
<testsuite hostname="madhu" failures="0" tests="3" name="testCases.AmazonTest" time="0.704" errors="0" timestamp="2023-07-19T22:38:36 IST" skipped="0">
  <testcase classname="testCases.AmazonTest" name="logoTest" time="0.612"/>
  <testcase classname="testCases.AmazonTest" name="searchTest" time="0.057"/>
  <testcase classname="testCases.AmazonTest" name="pageTitleTest" time="0.035"/>
</testsuite> <!-- testCases.AmazonTest -->
