<?xml version="1.0" encoding="UTF-8"?>
<!-- Generated by org.testng.reporters.JUnitReportReporter -->
<testsuite hostname="madhubabus-MacBook-Air.local" failures="0" tests="10" name="TestNGSessions.InvocationCountTest" time="0.044" errors="0" timestamp="2023-07-16T11:14:36 IST" skipped="0">
  <testcase classname="TestNGSessions.InvocationCountTest" name="numGenTest" time="0.002"/>
  <testcase classname="TestNGSessions.InvocationCountTest" name="numGenTest" time="0.017"/>
  <testcase classname="TestNGSessions.InvocationCountTest" name="numGenTest" time="0.006"/>
  <testcase classname="TestNGSessions.InvocationCountTest" name="numGenTest" time="0.002"/>
  <testcase classname="TestNGSessions.InvocationCountTest" name="numGenTest" time="0.003"/>
  <testcase classname="TestNGSessions.InvocationCountTest" name="numGenTest" time="0.004"/>
  <testcase classname="TestNGSessions.InvocationCountTest" name="numGenTest" time="0.001"/>
  <testcase classname="TestNGSessions.InvocationCountTest" name="numGenTest" time="0.003"/>
  <testcase classname="TestNGSessions.InvocationCountTest" name="numGenTest" time="0.002"/>
  <testcase classname="TestNGSessions.InvocationCountTest" name="numGenTest" time="0.004"/>
</testsuite> <!-- TestNGSessions.InvocationCountTest -->
